<?xml version="1.0" encoding="UTF-8"?>
<!-- Generated by org.testng.reporters.JUnitReportReporter -->
<testsuite skipped="0" hostname="Atish" name="com.Salesforce.Salesforce.LoginTest" tests="1" failures="0" timestamp="24 Mar 2018 21:27:31 GMT" time="25.441" errors="0">
  <testcase name="performLogin" time="25.441" classname="com.Salesforce.Salesforce.LoginTest"/>
</testsuite> <!-- com.Salesforce.Salesforce.LoginTest -->
