<?xml version="1.0" encoding="UTF-8"?>
<!-- Generated by org.testng.reporters.JUnitReportReporter -->
<testsuite skipped="0" hostname="Atish" name="TestCases.LoginTest" tests="1" failures="0" timestamp="25 Mar 2018 15:19:12 GMT" time="23.569" errors="0">
  <testcase name="performLogin" time="23.569" classname="TestCases.LoginTest"/>
</testsuite> <!-- TestCases.LoginTest -->
